Traceback (most recent call last):
  File "/home/hdl/project/FineR/FineR_fullpipe/discovering.py", line 1, in <module>
    import torch
ModuleNotFoundError: No module named 'torch'
Traceback (most recent call last):
  File "/home/hdl/project/FineR/FineR_fullpipe/discovering.py", line 1, in <module>
    import torch
ModuleNotFoundError: No module named 'torch'
Traceback (most recent call last):
  File "/home/hdl/project/FineR/FineR_fullpipe/discovering.py", line 1, in <module>
    import torch
ModuleNotFoundError: No module named 'torch'
Traceback (most recent call last):
  File "/home/hdl/project/FineR/FineR_fullpipe/grouping.py", line 2, in <module>
    import torch
ModuleNotFoundError: No module named 'torch'
Traceback (most recent call last):
  File "/home/hdl/project/FineR/FineR_fullpipe/discovering.py", line 1, in <module>
    import torch
ModuleNotFoundError: No module named 'torch'
Traceback (most recent call last):
  File "/home/hdl/project/FineR/FineR_fullpipe/discovering.py", line 1, in <module>
    import torch
ModuleNotFoundError: No module named 'torch'
Traceback (most recent call last):
  File "/home/hdl/project/FineR/FineR_fullpipe/discovering.py", line 1, in <module>
    import torch
ModuleNotFoundError: No module named 'torch'
Traceback (most recent call last):
  File "/home/hdl/project/FineR/FineR_fullpipe/grouping.py", line 2, in <module>
    import torch
ModuleNotFoundError: No module named 'torch'
Traceback (most recent call last):
  File "/home/hdl/project/FineR/FineR_fullpipe/discovering.py", line 1, in <module>
    import torch
ModuleNotFoundError: No module named 'torch'
Traceback (most recent call last):
  File "/home/hdl/project/FineR/FineR_fullpipe/discovering.py", line 1, in <module>
    import torch
ModuleNotFoundError: No module named 'torch'
Traceback (most recent call last):
  File "/home/hdl/project/FineR/FineR_fullpipe/discovering.py", line 1, in <module>
    import torch
ModuleNotFoundError: No module named 'torch'
Traceback (most recent call last):
  File "/home/hdl/project/FineR/FineR_fullpipe/grouping.py", line 2, in <module>
    import torch
ModuleNotFoundError: No module named 'torch'
Traceback (most recent call last):
  File "/home/hdl/project/FineR/FineR_fullpipe/discovering.py", line 1, in <module>
    import torch
ModuleNotFoundError: No module named 'torch'
Traceback (most recent call last):
  File "/home/hdl/project/FineR/FineR_fullpipe/discovering.py", line 1, in <module>
    import torch
ModuleNotFoundError: No module named 'torch'
Traceback (most recent call last):
  File "/home/hdl/project/FineR/FineR_fullpipe/discovering.py", line 1, in <module>
    import torch
ModuleNotFoundError: No module named 'torch'
Traceback (most recent call last):
  File "/home/hdl/project/FineR/FineR_fullpipe/grouping.py", line 2, in <module>
    import torch
ModuleNotFoundError: No module named 'torch'
Traceback (most recent call last):
  File "/home/hdl/project/FineR/FineR_fullpipe/discovering.py", line 1, in <module>
    import torch
ModuleNotFoundError: No module named 'torch'
Traceback (most recent call last):
  File "/home/hdl/project/FineR/FineR_fullpipe/discovering.py", line 1, in <module>
    import torch
ModuleNotFoundError: No module named 'torch'
Traceback (most recent call last):
  File "/home/hdl/project/FineR/FineR_fullpipe/discovering.py", line 1, in <module>
    import torch
ModuleNotFoundError: No module named 'torch'
Traceback (most recent call last):
  File "/home/hdl/project/FineR/FineR_fullpipe/grouping.py", line 2, in <module>
    import torch
ModuleNotFoundError: No module named 'torch'
Traceback (most recent call last):
  File "/home/hdl/project/FineR/FineR_fullpipe/discovering.py", line 1, in <module>
    import torch
ModuleNotFoundError: No module named 'torch'
Traceback (most recent call last):
  File "/home/hdl/project/FineR/FineR_fullpipe/discovering.py", line 1, in <module>
    import torch
ModuleNotFoundError: No module named 'torch'
Traceback (most recent call last):
  File "/home/hdl/project/FineR/FineR_fullpipe/discovering.py", line 1, in <module>
    import torch
ModuleNotFoundError: No module named 'torch'
Traceback (most recent call last):
  File "/home/hdl/project/FineR/FineR_fullpipe/grouping.py", line 2, in <module>
    import torch
ModuleNotFoundError: No module named 'torch'
Traceback (most recent call last):
  File "/home/hdl/project/FineR/FineR_fullpipe/discovering.py", line 1, in <module>
    import torch
ModuleNotFoundError: No module named 'torch'
Traceback (most recent call last):
  File "/home/hdl/project/FineR/FineR_fullpipe/discovering.py", line 1, in <module>
    import torch
ModuleNotFoundError: No module named 'torch'
Traceback (most recent call last):
  File "/home/hdl/project/FineR/FineR_fullpipe/discovering.py", line 1, in <module>
    import torch
ModuleNotFoundError: No module named 'torch'
Traceback (most recent call last):
  File "/home/hdl/project/FineR/FineR_fullpipe/grouping.py", line 2, in <module>
    import torch
ModuleNotFoundError: No module named 'torch'
Traceback (most recent call last):
  File "/home/hdl/project/FineR/FineR_fullpipe/discovering.py", line 1, in <module>
    import torch
ModuleNotFoundError: No module named 'torch'
Traceback (most recent call last):
  File "/home/hdl/project/FineR/FineR_fullpipe/discovering.py", line 1, in <module>
    import torch
ModuleNotFoundError: No module named 'torch'
Traceback (most recent call last):
  File "/home/hdl/project/FineR/FineR_fullpipe/discovering.py", line 1, in <module>
    import torch
ModuleNotFoundError: No module named 'torch'
Traceback (most recent call last):
  File "/home/hdl/project/FineR/FineR_fullpipe/grouping.py", line 2, in <module>
    import torch
ModuleNotFoundError: No module named 'torch'
Traceback (most recent call last):
  File "/home/hdl/project/FineR/FineR_fullpipe/discovering.py", line 1, in <module>
    import torch
ModuleNotFoundError: No module named 'torch'
Traceback (most recent call last):
  File "/home/hdl/project/FineR/FineR_fullpipe/discovering.py", line 1, in <module>
    import torch
ModuleNotFoundError: No module named 'torch'
Traceback (most recent call last):
  File "/home/hdl/project/FineR/FineR_fullpipe/discovering.py", line 1, in <module>
    import torch
ModuleNotFoundError: No module named 'torch'
Traceback (most recent call last):
  File "/home/hdl/project/FineR/FineR_fullpipe/grouping.py", line 2, in <module>
    import torch
ModuleNotFoundError: No module named 'torch'
Traceback (most recent call last):
  File "/home/hdl/project/FineR/FineR_fullpipe/discovering.py", line 1, in <module>
    import torch
ModuleNotFoundError: No module named 'torch'
Traceback (most recent call last):
  File "/home/hdl/project/FineR/FineR_fullpipe/discovering.py", line 1, in <module>
    import torch
ModuleNotFoundError: No module named 'torch'
Traceback (most recent call last):
  File "/home/hdl/project/FineR/FineR_fullpipe/discovering.py", line 1, in <module>
    import torch
ModuleNotFoundError: No module named 'torch'
Traceback (most recent call last):
  File "/home/hdl/project/FineR/FineR_fullpipe/grouping.py", line 2, in <module>
    import torch
ModuleNotFoundError: No module named 'torch'
